# JRE version: OpenJDK Runtime Environment (8.0_212-b04) (build 1.8.0_212-release-1586-b04)
# Java VM: OpenJDK 64-Bit Server VM (25.212-b04 mixed mode windows-amd64 compressed oops)
Heap:
 PSYoungGen      total 488960K, used 343306K [0x00000000e0000000, 0x0000000100000000, 0x0000000100000000)
  eden space 454656K, 70% used [0x00000000e0000000,0x00000000f393b800,0x00000000fbc00000)
  from space 34304K, 65% used [0x00000000fde80000,0x00000000ff4871a0,0x0000000100000000)
  to   space 34816K, 0% used [0x00000000fbc00000,0x00000000fbc00000,0x00000000fde00000)
 ParOldGen       total 155648K, used 71217K [0x00000000a0000000, 0x00000000a9800000, 0x00000000e0000000)
  object space 155648K, 45% used [0x00000000a0000000,0x00000000a458c5d8,0x00000000a9800000)
 Metaspace       used 104360K, capacity 110426K, committed 110720K, reserved 1144832K
  class space    used 13454K, capacity 14627K, committed 14720K, reserved 1048576K
GC Heap History (10 events):
Event: 1853.081 GC heap before
{Heap before GC invocations=20 (full 4):
 PSYoungGen      total 414720K, used 382464K [0x00000000e0000000, 0x00000000ff600000, 0x0000000100000000)
  eden space 382464K, 100% used [0x00000000e0000000,0x00000000f7580000,0x00000000f7580000)
  from space 32256K, 0% used [0x00000000f7580000,0x00000000f7580000,0x00000000f9500000)
  to   space 33792K, 0% used [0x00000000fd500000,0x00000000fd500000,0x00000000ff600000)
 ParOldGen       total 155648K, used 71177K [0x00000000a0000000, 0x00000000a9800000, 0x00000000e0000000)
  object space 155648K, 45% used [0x00000000a0000000,0x00000000a45825d8,0x00000000a9800000)
 Metaspace       used 95570K, capacity 100646K, committed 100736K, reserved 1136640K
  class space    used 12635K, capacity 13613K, committed 13696K, reserved 1048576K
Event: 1853.114 GC heap after
Heap after GC invocations=20 (full 4):
 PSYoungGen      total 478208K, used 8930K [0x00000000e0000000, 0x00000000ff400000, 0x0000000100000000)
  eden space 446464K, 0% used [0x00000000e0000000,0x00000000e0000000,0x00000000fb400000)
  from space 31744K, 28% used [0x00000000fd500000,0x00000000fddb88e0,0x00000000ff400000)
  to   space 32768K, 0% used [0x00000000fb400000,0x00000000fb400000,0x00000000fd400000)
 ParOldGen       total 155648K, used 71185K [0x00000000a0000000, 0x00000000a9800000, 0x00000000e0000000)
  object space 155648K, 45% used [0x00000000a0000000,0x00000000a45845d8,0x00000000a9800000)
 Metaspace       used 95570K, capacity 100646K, committed 100736K, reserved 1136640K
  class space    used 12635K, capacity 13613K, committed 13696K, reserved 1048576K
}
Event: 2205.726 GC heap before
{Heap before GC invocations=21 (full 4):
 PSYoungGen      total 478208K, used 455394K [0x00000000e0000000, 0x00000000ff400000, 0x0000000100000000)
  eden space 446464K, 100% used [0x00000000e0000000,0x00000000fb400000,0x00000000fb400000)
  from space 31744K, 28% used [0x00000000fd500000,0x00000000fddb88e0,0x00000000ff400000)
  to   space 32768K, 0% used [0x00000000fb400000,0x00000000fb400000,0x00000000fd400000)
 ParOldGen       total 155648K, used 71185K [0x00000000a0000000, 0x00000000a9800000, 0x00000000e0000000)
  object space 155648K, 45% used [0x00000000a0000000,0x00000000a45845d8,0x00000000a9800000)
 Metaspace       used 102379K, capacity 107924K, committed 108288K, reserved 1142784K
  class space    used 13367K, capacity 14478K, committed 14592K, reserved 1048576K
Event: 2205.764 GC heap after
Heap after GC invocations=21 (full 4):
 PSYoungGen      total 479232K, used 16363K [0x00000000e0000000, 0x00000000fff00000, 0x0000000100000000)
  eden space 446464K, 0% used [0x00000000e0000000,0x00000000e0000000,0x00000000fb400000)
  from space 32768K, 49% used [0x00000000fb400000,0x00000000fc3faef0,0x00000000fd400000)
  to   space 31744K, 0% used [0x00000000fe000000,0x00000000fe000000,0x00000000fff00000)
 ParOldGen       total 155648K, used 71193K [0x00000000a0000000, 0x00000000a9800000, 0x00000000e0000000)
  object space 155648K, 45% used [0x00000000a0000000,0x00000000a45865d8,0x00000000a9800000)
 Metaspace       used 102379K, capacity 107924K, committed 108288K, reserved 1142784K
  class space    used 13367K, capacity 14478K, committed 14592K, reserved 1048576K
}
Event: 3289.993 GC heap before
{Heap before GC invocations=22 (full 4):
 PSYoungGen      total 479232K, used 462827K [0x00000000e0000000, 0x00000000fff00000, 0x0000000100000000)
  eden space 446464K, 100% used [0x00000000e0000000,0x00000000fb400000,0x00000000fb400000)
  from space 32768K, 49% used [0x00000000fb400000,0x00000000fc3faef0,0x00000000fd400000)
  to   space 31744K, 0% used [0x00000000fe000000,0x00000000fe000000,0x00000000fff00000)
 ParOldGen       total 155648K, used 71193K [0x00000000a0000000, 0x00000000a9800000, 0x00000000e0000000)
  object space 155648K, 45% used [0x00000000a0000000,0x00000000a45865d8,0x00000000a9800000)
 Metaspace       used 102980K, capacity 109002K, committed 109184K, reserved 1144832K
  class space    used 13434K, capacity 14601K, committed 14720K, reserved 1048576K
Event: 3290.038 GC heap after
Heap after GC invocations=22 (full 4):
 PSYoungGen      total 488448K, used 14289K [0x00000000e0000000, 0x00000000ffc00000, 0x0000000100000000)
  eden space 459776K, 0% used [0x00000000e0000000,0x00000000e0000000,0x00000000fc100000)
  from space 28672K, 49% used [0x00000000fe000000,0x00000000fedf4558,0x00000000ffc00000)
  to   space 30208K, 0% used [0x00000000fc100000,0x00000000fc100000,0x00000000fde80000)
 ParOldGen       total 155648K, used 71201K [0x00000000a0000000, 0x00000000a9800000, 0x00000000e0000000)
  object space 155648K, 45% used [0x00000000a0000000,0x00000000a45885d8,0x00000000a9800000)
 Metaspace       used 102980K, capacity 109002K, committed 109184K, reserved 1144832K
  class space    used 13434K, capacity 14601K, committed 14720K, reserved 1048576K
}
Event: 3338.691 GC heap before
{Heap before GC invocations=23 (full 4):
 PSYoungGen      total 488448K, used 474065K [0x00000000e0000000, 0x00000000ffc00000, 0x0000000100000000)
  eden space 459776K, 100% used [0x00000000e0000000,0x00000000fc100000,0x00000000fc100000)
  from space 28672K, 49% used [0x00000000fe000000,0x00000000fedf4558,0x00000000ffc00000)
  to   space 30208K, 0% used [0x00000000fc100000,0x00000000fc100000,0x00000000fde80000)
 ParOldGen       total 155648K, used 71201K [0x00000000a0000000, 0x00000000a9800000, 0x00000000e0000000)
  object space 155648K, 45% used [0x00000000a0000000,0x00000000a45885d8,0x00000000a9800000)
 Metaspace       used 103802K, capacity 109912K, committed 110208K, reserved 1144832K
  class space    used 13439K, capacity 14608K, committed 14720K, reserved 1048576K
Event: 3338.753 GC heap after
Heap after GC invocations=23 (full 4):
 PSYoungGen      total 489984K, used 29299K [0x00000000e0000000, 0x0000000100000000, 0x0000000100000000)
  eden space 459776K, 0% used [0x00000000e0000000,0x00000000e0000000,0x00000000fc100000)
  from space 30208K, 96% used [0x00000000fc100000,0x00000000fdd9cd48,0x00000000fde80000)
  to   space 34304K, 0% used [0x00000000fde80000,0x00000000fde80000,0x0000000100000000)
 ParOldGen       total 155648K, used 71209K [0x00000000a0000000, 0x00000000a9800000, 0x00000000e0000000)
  object space 155648K, 45% used [0x00000000a0000000,0x00000000a458a5d8,0x00000000a9800000)
 Metaspace       used 103802K, capacity 109912K, committed 110208K, reserved 1144832K
  class space    used 13439K, capacity 14608K, committed 14720K, reserved 1048576K
}
Event: 3729.260 GC heap before
{Heap before GC invocations=24 (full 4):
 PSYoungGen      total 489984K, used 489069K [0x00000000e0000000, 0x0000000100000000, 0x0000000100000000)
  eden space 459776K, 99% used [0x00000000e0000000,0x00000000fc0fea68,0x00000000fc100000)
  from space 30208K, 96% used [0x00000000fc100000,0x00000000fdd9cd48,0x00000000fde80000)
  to   space 34304K, 0% used [0x00000000fde80000,0x00000000fde80000,0x0000000100000000)
 ParOldGen       total 155648K, used 71209K [0x00000000a0000000, 0x00000000a9800000, 0x00000000e0000000)
  object space 155648K, 45% used [0x00000000a0000000,0x00000000a458a5d8,0x00000000a9800000)
 Metaspace       used 104111K, capacity 110202K, committed 110464K, reserved 1144832K
  class space    used 13442K, capacity 14611K, committed 14720K, reserved 1048576K
Event: 3729.312 GC heap after
Heap after GC invocations=24 (full 4):
 PSYoungGen      total 488960K, used 22556K [0x00000000e0000000, 0x0000000100000000, 0x0000000100000000)
  eden space 454656K, 0% used [0x00000000e0000000,0x00000000e0000000,0x00000000fbc00000)
  from space 34304K, 65% used [0x00000000fde80000,0x00000000ff4871a0,0x0000000100000000)
  to   space 34816K, 0% used [0x00000000fbc00000,0x00000000fbc00000,0x00000000fde00000)
 ParOldGen       total 155648K, used 71217K [0x00000000a0000000, 0x00000000a9800000, 0x00000000e0000000)
  object space 155648K, 45% used [0x00000000a0000000,0x00000000a458c5d8,0x00000000a9800000)
 Metaspace       used 104111K, capacity 110202K, committed 110464K, reserved 1144832K
  class space    used 13442K, capacity 14611K, committed 14720K, reserved 1048576K
}

