# JRE version: OpenJDK Runtime Environment (8.0_212-b04) (build 1.8.0_212-release-1586-b04)
# Java VM: OpenJDK 64-Bit Server VM (25.212-b04 mixed mode windows-amd64 compressed oops)
Heap:
 PSYoungGen      total 459776K, used 418035K [0x00000000e0000000, 0x0000000100000000, 0x0000000100000000)
  eden space 395264K, 99% used [0x00000000e0000000,0x00000000f7f98570,0x00000000f8200000)
  from space 64512K, 39% used [0x00000000f8200000,0x00000000f9aa4798,0x00000000fc100000)
  to   space 61952K, 0% used [0x00000000fc380000,0x00000000fc380000,0x0000000100000000)
 ParOldGen       total 225280K, used 70037K [0x00000000a0000000, 0x00000000adc00000, 0x00000000e0000000)
  object space 225280K, 31% used [0x00000000a0000000,0x00000000a4465648,0x00000000adc00000)
 Metaspace       used 107346K, capacity 113766K, committed 114088K, reserved 1148928K
  class space    used 13878K, capacity 15090K, committed 15272K, reserved 1048576K
GC Heap History (10 events):
Event: 2058.443 GC heap before
{Heap before GC invocations=33 (full 4):
 PSYoungGen      total 463360K, used 453378K [0x00000000e0000000, 0x0000000100000000, 0x0000000100000000)
  eden space 410624K, 100% used [0x00000000e0000000,0x00000000f9100000,0x00000000f9100000)
  from space 52736K, 81% used [0x00000000fcc80000,0x00000000ff640a78,0x0000000100000000)
  to   space 56832K, 0% used [0x00000000f9100000,0x00000000f9100000,0x00000000fc880000)
 ParOldGen       total 225280K, used 65839K [0x00000000a0000000, 0x00000000adc00000, 0x00000000e0000000)
  object space 225280K, 29% used [0x00000000a0000000,0x00000000a404bd78,0x00000000adc00000)
 Metaspace       used 103979K, capacity 109650K, committed 109864K, reserved 1144832K
  class space    used 13468K, capacity 14556K, committed 14632K, reserved 1048576K
Event: 2058.610 GC heap after
Heap after GC invocations=33 (full 4):
 PSYoungGen      total 448512K, used 37872K [0x00000000e0000000, 0x0000000100000000, 0x0000000100000000)
  eden space 410624K, 0% used [0x00000000e0000000,0x00000000e0000000,0x00000000f9100000)
  from space 37888K, 99% used [0x00000000f9100000,0x00000000fb5fc380,0x00000000fb600000)
  to   space 57856K, 0% used [0x00000000fc780000,0x00000000fc780000,0x0000000100000000)
 ParOldGen       total 225280K, used 68669K [0x00000000a0000000, 0x00000000adc00000, 0x00000000e0000000)
  object space 225280K, 30% used [0x00000000a0000000,0x00000000a430f628,0x00000000adc00000)
 Metaspace       used 103979K, capacity 109650K, committed 109864K, reserved 1144832K
  class space    used 13468K, capacity 14556K, committed 14632K, reserved 1048576K
}
Event: 2062.282 GC heap before
{Heap before GC invocations=34 (full 4):
 PSYoungGen      total 448512K, used 448496K [0x00000000e0000000, 0x0000000100000000, 0x0000000100000000)
  eden space 410624K, 100% used [0x00000000e0000000,0x00000000f9100000,0x00000000f9100000)
  from space 37888K, 99% used [0x00000000f9100000,0x00000000fb5fc380,0x00000000fb600000)
  to   space 57856K, 0% used [0x00000000fc780000,0x00000000fc780000,0x0000000100000000)
 ParOldGen       total 225280K, used 68669K [0x00000000a0000000, 0x00000000adc00000, 0x00000000e0000000)
  object space 225280K, 30% used [0x00000000a0000000,0x00000000a430f628,0x00000000adc00000)
 Metaspace       used 104068K, capacity 109722K, committed 109864K, reserved 1144832K
  class space    used 13479K, capacity 14558K, committed 14632K, reserved 1048576K
Event: 2062.330 GC heap after
Heap after GC invocations=34 (full 4):
 PSYoungGen      total 466944K, used 34045K [0x00000000e0000000, 0x0000000100000000, 0x0000000100000000)
  eden space 409088K, 0% used [0x00000000e0000000,0x00000000e0000000,0x00000000f8f80000)
  from space 57856K, 58% used [0x00000000fc780000,0x00000000fe8bf4a0,0x0000000100000000)
  to   space 57344K, 0% used [0x00000000f8f80000,0x00000000f8f80000,0x00000000fc780000)
 ParOldGen       total 225280K, used 68837K [0x00000000a0000000, 0x00000000adc00000, 0x00000000e0000000)
  object space 225280K, 30% used [0x00000000a0000000,0x00000000a4339638,0x00000000adc00000)
 Metaspace       used 104068K, capacity 109722K, committed 109864K, reserved 1144832K
  class space    used 13479K, capacity 14558K, committed 14632K, reserved 1048576K
}
Event: 2069.959 GC heap before
{Heap before GC invocations=35 (full 4):
 PSYoungGen      total 466944K, used 443133K [0x00000000e0000000, 0x0000000100000000, 0x0000000100000000)
  eden space 409088K, 100% used [0x00000000e0000000,0x00000000f8f80000,0x00000000f8f80000)
  from space 57856K, 58% used [0x00000000fc780000,0x00000000fe8bf4a0,0x0000000100000000)
  to   space 57344K, 0% used [0x00000000f8f80000,0x00000000f8f80000,0x00000000fc780000)
 ParOldGen       total 225280K, used 68837K [0x00000000a0000000, 0x00000000adc00000, 0x00000000e0000000)
  object space 225280K, 30% used [0x00000000a0000000,0x00000000a4339638,0x00000000adc00000)
 Metaspace       used 104082K, capacity 109722K, committed 109864K, reserved 1144832K
  class space    used 13479K, capacity 14558K, committed 14632K, reserved 1048576K
Event: 2070.015 GC heap after
Heap after GC invocations=35 (full 4):
 PSYoungGen      total 427520K, used 18278K [0x00000000e0000000, 0x00000000ffd80000, 0x0000000100000000)
  eden space 409088K, 0% used [0x00000000e0000000,0x00000000e0000000,0x00000000f8f80000)
  from space 18432K, 99% used [0x00000000f8f80000,0x00000000fa159a70,0x00000000fa180000)
  to   space 56320K, 0% used [0x00000000fc680000,0x00000000fc680000,0x00000000ffd80000)
 ParOldGen       total 225280K, used 68901K [0x00000000a0000000, 0x00000000adc00000, 0x00000000e0000000)
  object space 225280K, 30% used [0x00000000a0000000,0x00000000a4349638,0x00000000adc00000)
 Metaspace       used 104082K, capacity 109722K, committed 109864K, reserved 1144832K
  class space    used 13479K, capacity 14558K, committed 14632K, reserved 1048576K
}
Event: 2076.350 GC heap before
{Heap before GC invocations=36 (full 4):
 PSYoungGen      total 427520K, used 427366K [0x00000000e0000000, 0x00000000ffd80000, 0x0000000100000000)
  eden space 409088K, 100% used [0x00000000e0000000,0x00000000f8f80000,0x00000000f8f80000)
  from space 18432K, 99% used [0x00000000f8f80000,0x00000000fa159a70,0x00000000fa180000)
  to   space 56320K, 0% used [0x00000000fc680000,0x00000000fc680000,0x00000000ffd80000)
 ParOldGen       total 225280K, used 68901K [0x00000000a0000000, 0x00000000adc00000, 0x00000000e0000000)
  object space 225280K, 30% used [0x00000000a0000000,0x00000000a4349638,0x00000000adc00000)
 Metaspace       used 104277K, capacity 109934K, committed 110120K, reserved 1144832K
  class space    used 13480K, capacity 14558K, committed 14632K, reserved 1048576K
Event: 2076.476 GC heap after
Heap after GC invocations=36 (full 4):
 PSYoungGen      total 451584K, used 56294K [0x00000000e0000000, 0x0000000100000000, 0x0000000100000000)
  eden space 395264K, 0% used [0x00000000e0000000,0x00000000e0000000,0x00000000f8200000)
  from space 56320K, 99% used [0x00000000fc680000,0x00000000ffd798a8,0x00000000ffd80000)
  to   space 64512K, 0% used [0x00000000f8200000,0x00000000f8200000,0x00000000fc100000)
 ParOldGen       total 225280K, used 69973K [0x00000000a0000000, 0x00000000adc00000, 0x00000000e0000000)
  object space 225280K, 31% used [0x00000000a0000000,0x00000000a4455648,0x00000000adc00000)
 Metaspace       used 104277K, capacity 109934K, committed 110120K, reserved 1144832K
  class space    used 13480K, capacity 14558K, committed 14632K, reserved 1048576K
}
Event: 2131.251 GC heap before
{Heap before GC invocations=37 (full 4):
 PSYoungGen      total 451584K, used 451558K [0x00000000e0000000, 0x0000000100000000, 0x0000000100000000)
  eden space 395264K, 100% used [0x00000000e0000000,0x00000000f8200000,0x00000000f8200000)
  from space 56320K, 99% used [0x00000000fc680000,0x00000000ffd798a8,0x00000000ffd80000)
  to   space 64512K, 0% used [0x00000000f8200000,0x00000000f8200000,0x00000000fc100000)
 ParOldGen       total 225280K, used 69973K [0x00000000a0000000, 0x00000000adc00000, 0x00000000e0000000)
  object space 225280K, 31% used [0x00000000a0000000,0x00000000a4455648,0x00000000adc00000)
 Metaspace       used 106423K, capacity 112522K, committed 112808K, reserved 1146880K
  class space    used 13786K, capacity 14936K, committed 15016K, reserved 1048576K
Event: 2131.295 GC heap after
Heap after GC invocations=37 (full 4):
 PSYoungGen      total 459776K, used 25233K [0x00000000e0000000, 0x0000000100000000, 0x0000000100000000)
  eden space 395264K, 0% used [0x00000000e0000000,0x00000000e0000000,0x00000000f8200000)
  from space 64512K, 39% used [0x00000000f8200000,0x00000000f9aa4798,0x00000000fc100000)
  to   space 61952K, 0% used [0x00000000fc380000,0x00000000fc380000,0x0000000100000000)
 ParOldGen       total 225280K, used 70037K [0x00000000a0000000, 0x00000000adc00000, 0x00000000e0000000)
  object space 225280K, 31% used [0x00000000a0000000,0x00000000a4465648,0x00000000adc00000)
 Metaspace       used 106423K, capacity 112522K, committed 112808K, reserved 1146880K
  class space    used 13786K, capacity 14936K, committed 15016K, reserved 1048576K
}

