# JRE version: OpenJDK Runtime Environment (8.0_212-b04) (build 1.8.0_212-release-1586-b04)
# Java VM: OpenJDK 64-Bit Server VM (25.212-b04 mixed mode windows-amd64 compressed oops)
Heap:
 PSYoungGen      total 392704K, used 220751K [0x00000000e0000000, 0x00000000fb100000, 0x0000000100000000)
  eden space 353280K, 54% used [0x00000000e0000000,0x00000000ebaced20,0x00000000f5900000)
  from space 39424K, 74% used [0x00000000f8100000,0x00000000f9dc51f0,0x00000000fa780000)
  to   space 40960K, 0% used [0x00000000f5900000,0x00000000f5900000,0x00000000f8100000)
 ParOldGen       total 113664K, used 73144K [0x00000000a0000000, 0x00000000a6f00000, 0x00000000e0000000)
  object space 113664K, 64% used [0x00000000a0000000,0x00000000a476e0d8,0x00000000a6f00000)
 Metaspace       used 88519K, capacity 92242K, committed 92416K, reserved 1128448K
  class space    used 11728K, capacity 12476K, committed 12544K, reserved 1048576K
GC Heap History (10 events):
Event: 78.091 GC heap before
{Heap before GC invocations=25 (full 3):
 PSYoungGen      total 394240K, used 388518K [0x00000000e0000000, 0x00000000fb100000, 0x0000000100000000)
  eden space 353280K, 100% used [0x00000000e0000000,0x00000000f5900000,0x00000000f5900000)
  from space 40960K, 86% used [0x00000000f5900000,0x00000000f7b698e0,0x00000000f8100000)
  to   space 39424K, 0% used [0x00000000f8100000,0x00000000f8100000,0x00000000fa780000)
 ParOldGen       total 113664K, used 68201K [0x00000000a0000000, 0x00000000a6f00000, 0x00000000e0000000)
  object space 113664K, 60% used [0x00000000a0000000,0x00000000a429a6d8,0x00000000a6f00000)
 Metaspace       used 88373K, capacity 92084K, committed 92160K, reserved 1128448K
  class space    used 11725K, capacity 12473K, committed 12544K, reserved 1048576K
Event: 78.149 GC heap after
Heap after GC invocations=25 (full 3):
 PSYoungGen      total 392704K, used 31408K [0x00000000e0000000, 0x00000000fb100000, 0x0000000100000000)
  eden space 353280K, 0% used [0x00000000e0000000,0x00000000e0000000,0x00000000f5900000)
  from space 39424K, 79% used [0x00000000f8100000,0x00000000f9fac1d8,0x00000000fa780000)
  to   space 40960K, 0% used [0x00000000f5900000,0x00000000f5900000,0x00000000f8100000)
 ParOldGen       total 113664K, used 71730K [0x00000000a0000000, 0x00000000a6f00000, 0x00000000e0000000)
  object space 113664K, 63% used [0x00000000a0000000,0x00000000a460c960,0x00000000a6f00000)
 Metaspace       used 88373K, capacity 92084K, committed 92160K, reserved 1128448K
  class space    used 11725K, capacity 12473K, committed 12544K, reserved 1048576K
}
Event: 80.889 GC heap before
{Heap before GC invocations=26 (full 3):
 PSYoungGen      total 392704K, used 384688K [0x00000000e0000000, 0x00000000fb100000, 0x0000000100000000)
  eden space 353280K, 100% used [0x00000000e0000000,0x00000000f5900000,0x00000000f5900000)
  from space 39424K, 79% used [0x00000000f8100000,0x00000000f9fac1d8,0x00000000fa780000)
  to   space 40960K, 0% used [0x00000000f5900000,0x00000000f5900000,0x00000000f8100000)
 ParOldGen       total 113664K, used 71730K [0x00000000a0000000, 0x00000000a6f00000, 0x00000000e0000000)
  object space 113664K, 63% used [0x00000000a0000000,0x00000000a460c960,0x00000000a6f00000)
 Metaspace       used 88400K, capacity 92098K, committed 92416K, reserved 1128448K
  class space    used 11726K, capacity 12474K, committed 12544K, reserved 1048576K
Event: 80.957 GC heap after
Heap after GC invocations=26 (full 3):
 PSYoungGen      total 394240K, used 34983K [0x00000000e0000000, 0x00000000fb100000, 0x0000000100000000)
  eden space 353280K, 0% used [0x00000000e0000000,0x00000000e0000000,0x00000000f5900000)
  from space 40960K, 85% used [0x00000000f5900000,0x00000000f7b29e78,0x00000000f8100000)
  to   space 39424K, 0% used [0x00000000f8100000,0x00000000f8100000,0x00000000fa780000)
 ParOldGen       total 113664K, used 73144K [0x00000000a0000000, 0x00000000a6f00000, 0x00000000e0000000)
  object space 113664K, 64% used [0x00000000a0000000,0x00000000a476e0d8,0x00000000a6f00000)
 Metaspace       used 88400K, capacity 92098K, committed 92416K, reserved 1128448K
  class space    used 11726K, capacity 12474K, committed 12544K, reserved 1048576K
}
Event: 83.295 GC heap before
{Heap before GC invocations=27 (full 3):
 PSYoungGen      total 394240K, used 388263K [0x00000000e0000000, 0x00000000fb100000, 0x0000000100000000)
  eden space 353280K, 100% used [0x00000000e0000000,0x00000000f5900000,0x00000000f5900000)
  from space 40960K, 85% used [0x00000000f5900000,0x00000000f7b29e78,0x00000000f8100000)
  to   space 39424K, 0% used [0x00000000f8100000,0x00000000f8100000,0x00000000fa780000)
 ParOldGen       total 113664K, used 73144K [0x00000000a0000000, 0x00000000a6f00000, 0x00000000e0000000)
  object space 113664K, 64% used [0x00000000a0000000,0x00000000a476e0d8,0x00000000a6f00000)
 Metaspace       used 88460K, capacity 92162K, committed 92416K, reserved 1128448K
  class space    used 11726K, capacity 12474K, committed 12544K, reserved 1048576K
Event: 83.384 GC heap after
Heap after GC invocations=27 (full 3):
 PSYoungGen      total 392704K, used 32991K [0x00000000e0000000, 0x00000000fb100000, 0x0000000100000000)
  eden space 353280K, 0% used [0x00000000e0000000,0x00000000e0000000,0x00000000f5900000)
  from space 39424K, 83% used [0x00000000f8100000,0x00000000fa137d80,0x00000000fa780000)
  to   space 40960K, 0% used [0x00000000f5900000,0x00000000f5900000,0x00000000f8100000)
 ParOldGen       total 113664K, used 73144K [0x00000000a0000000, 0x00000000a6f00000, 0x00000000e0000000)
  object space 113664K, 64% used [0x00000000a0000000,0x00000000a476e0d8,0x00000000a6f00000)
 Metaspace       used 88460K, capacity 92162K, committed 92416K, reserved 1128448K
  class space    used 11726K, capacity 12474K, committed 12544K, reserved 1048576K
}
Event: 85.747 GC heap before
{Heap before GC invocations=28 (full 3):
 PSYoungGen      total 392704K, used 386271K [0x00000000e0000000, 0x00000000fb100000, 0x0000000100000000)
  eden space 353280K, 100% used [0x00000000e0000000,0x00000000f5900000,0x00000000f5900000)
  from space 39424K, 83% used [0x00000000f8100000,0x00000000fa137d80,0x00000000fa780000)
  to   space 40960K, 0% used [0x00000000f5900000,0x00000000f5900000,0x00000000f8100000)
 ParOldGen       total 113664K, used 73144K [0x00000000a0000000, 0x00000000a6f00000, 0x00000000e0000000)
  object space 113664K, 64% used [0x00000000a0000000,0x00000000a476e0d8,0x00000000a6f00000)
 Metaspace       used 88490K, capacity 92242K, committed 92416K, reserved 1128448K
  class space    used 11727K, capacity 12476K, committed 12544K, reserved 1048576K
Event: 85.808 GC heap after
Heap after GC invocations=28 (full 3):
 PSYoungGen      total 394240K, used 36133K [0x00000000e0000000, 0x00000000fb100000, 0x0000000100000000)
  eden space 353280K, 0% used [0x00000000e0000000,0x00000000e0000000,0x00000000f5900000)
  from space 40960K, 88% used [0x00000000f5900000,0x00000000f7c497d8,0x00000000f8100000)
  to   space 39424K, 0% used [0x00000000f8100000,0x00000000f8100000,0x00000000fa780000)
 ParOldGen       total 113664K, used 73144K [0x00000000a0000000, 0x00000000a6f00000, 0x00000000e0000000)
  object space 113664K, 64% used [0x00000000a0000000,0x00000000a476e0d8,0x00000000a6f00000)
 Metaspace       used 88490K, capacity 92242K, committed 92416K, reserved 1128448K
  class space    used 11727K, capacity 12476K, committed 12544K, reserved 1048576K
}
Event: 88.063 GC heap before
{Heap before GC invocations=29 (full 3):
 PSYoungGen      total 394240K, used 389413K [0x00000000e0000000, 0x00000000fb100000, 0x0000000100000000)
  eden space 353280K, 100% used [0x00000000e0000000,0x00000000f5900000,0x00000000f5900000)
  from space 40960K, 88% used [0x00000000f5900000,0x00000000f7c497d8,0x00000000f8100000)
  to   space 39424K, 0% used [0x00000000f8100000,0x00000000f8100000,0x00000000fa780000)
 ParOldGen       total 113664K, used 73144K [0x00000000a0000000, 0x00000000a6f00000, 0x00000000e0000000)
  object space 113664K, 64% used [0x00000000a0000000,0x00000000a476e0d8,0x00000000a6f00000)
 Metaspace       used 88513K, capacity 92242K, committed 92416K, reserved 1128448K
  class space    used 11728K, capacity 12476K, committed 12544K, reserved 1048576K
Event: 88.126 GC heap after
Heap after GC invocations=29 (full 3):
 PSYoungGen      total 392704K, used 29460K [0x00000000e0000000, 0x00000000fb100000, 0x0000000100000000)
  eden space 353280K, 0% used [0x00000000e0000000,0x00000000e0000000,0x00000000f5900000)
  from space 39424K, 74% used [0x00000000f8100000,0x00000000f9dc51f0,0x00000000fa780000)
  to   space 40960K, 0% used [0x00000000f5900000,0x00000000f5900000,0x00000000f8100000)
 ParOldGen       total 113664K, used 73144K [0x00000000a0000000, 0x00000000a6f00000, 0x00000000e0000000)
  object space 113664K, 64% used [0x00000000a0000000,0x00000000a476e0d8,0x00000000a6f00000)
 Metaspace       used 88513K, capacity 92242K, committed 92416K, reserved 1128448K
  class space    used 11728K, capacity 12476K, committed 12544K, reserved 1048576K
}

